============================= test session starts =============================
platform win32 -- Python 3.13.0, pytest-9.0.2, pluggy-1.6.0 -- E:\iithyderabad\intelli-credit\.venv\Scripts\python.exe
cachedir: .pytest_cache
rootdir: E:\iithyderabad\intelli-credit
plugins: anyio-4.12.1, cov-7.0.0
collecting ... collected 267 items / 1 error

=================================== ERRORS ====================================
______________________ ERROR collecting test_output.txt _______________________
C:\Users\rehna\AppData\Local\Programs\Python\Python313\Lib\pathlib\_local.py:546: in read_text
    return PathBase.read_text(self, encoding, errors, newline)
           ^^^^^^^^^^^^^^^^^^^^^^^^^^^^^^^^^^^^^^^^^^^^^^^^^^^
C:\Users\rehna\AppData\Local\Programs\Python\Python313\Lib\pathlib\_abc.py:633: in read_text
    return f.read()
           ^^^^^^^^
<frozen codecs>:325: in decode
    ???
E   UnicodeDecodeError: 'utf-8' codec can't decode byte 0xff in position 0: invalid start byte
=========================== short test summary info ===========================
ERROR test_output.txt - UnicodeDecodeError: 'utf-8' codec can't decode byte 0...
!!!!!!!!!!!!!!!!!!! Interrupted: 1 error during collection !!!!!!!!!!!!!!!!!!!!
============================== 1 error in 0.68s ===============================
